Date: 07-04-2019
Author: Swadhikar, C
Description: Bitbucket migration

For the sake of this example, lets
consider this file to consists of tonnes and tonnes
of code.

Alright... Let's get into action ...


Date: 07-04-2019
Author: Swadhikar, C
Description: Bitbucket migration

For the sake of this example, lets
consider this file to consists of tonnes and tonnes
of code.

Alright... Let's get into action ...


Date: 07-04-2019
Author: Swadhikar, C
Description: Bitbucket migration

For the sake of this example, lets
consider this file to consists of tonnes and tonnes
of code.

Alright... Let's get into action ...



